<?xml version="1.0" encoding="UTF-8"?>
<coverage generated="1553991204154" clover="3.2.0">
  <project timestamp="1553991204155" name="All files">
    <metrics statements="93" coveredstatements="82" conditionals="0" coveredconditionals="0" methods="69" coveredmethods="58" elements="162" coveredelements="140" complexity="0" loc="93" ncloc="93" packages="1" files="8" classes="8"/>
    <file name="admin.js" path="C:\Users\modo_\Documents\GitHub\NP-COMPLETE\tests\admin.js">
      <metrics statements="15" coveredstatements="12" conditionals="0" coveredconditionals="0" methods="12" coveredmethods="9"/>
      <line num="1" count="9" type="stmt"/>
      <line num="2" count="9" type="stmt"/>
      <line num="5" count="0" type="stmt"/>
      <line num="8" count="0" type="stmt"/>
      <line num="11" count="7" type="stmt"/>
      <line num="14" count="1" type="stmt"/>
      <line num="17" count="1" type="stmt"/>
      <line num="20" count="1" type="stmt"/>
      <line num="23" count="1" type="stmt"/>
      <line num="26" count="1" type="stmt"/>
      <line num="29" count="1" type="stmt"/>
      <line num="32" count="0" type="stmt"/>
      <line num="35" count="1" type="stmt"/>
      <line num="38" count="1" type="stmt"/>
      <line num="41" count="9" type="stmt"/>
    </file>
    <file name="company.js" path="C:\Users\modo_\Documents\GitHub\NP-COMPLETE\tests\company.js">
      <metrics statements="8" coveredstatements="8" conditionals="0" coveredconditionals="0" methods="5" coveredmethods="5"/>
      <line num="1" count="6" type="stmt"/>
      <line num="2" count="6" type="stmt"/>
      <line num="4" count="3" type="stmt"/>
      <line num="7" count="28" type="stmt"/>
      <line num="10" count="2" type="stmt"/>
      <line num="13" count="1" type="stmt"/>
      <line num="16" count="4" type="stmt"/>
      <line num="19" count="6" type="stmt"/>
    </file>
    <file name="companyType.js" path="C:\Users\modo_\Documents\GitHub\NP-COMPLETE\tests\companyType.js">
      <metrics statements="8" coveredstatements="7" conditionals="0" coveredconditionals="0" methods="5" coveredmethods="4"/>
      <line num="1" count="2" type="stmt"/>
      <line num="2" count="2" type="stmt"/>
      <line num="4" count="0" type="stmt"/>
      <line num="7" count="11" type="stmt"/>
      <line num="10" count="1" type="stmt"/>
      <line num="13" count="1" type="stmt"/>
      <line num="16" count="1" type="stmt"/>
      <line num="19" count="2" type="stmt"/>
    </file>
    <file name="externalEntity.js" path="C:\Users\modo_\Documents\GitHub\NP-COMPLETE\tests\externalEntity.js">
      <metrics statements="8" coveredstatements="7" conditionals="0" coveredconditionals="0" methods="5" coveredmethods="4"/>
      <line num="1" count="1" type="stmt"/>
      <line num="2" count="1" type="stmt"/>
      <line num="4" count="0" type="stmt"/>
      <line num="7" count="4" type="stmt"/>
      <line num="10" count="1" type="stmt"/>
      <line num="13" count="1" type="stmt"/>
      <line num="16" count="1" type="stmt"/>
      <line num="19" count="1" type="stmt"/>
    </file>
    <file name="investor.js" path="C:\Users\modo_\Documents\GitHub\NP-COMPLETE\tests\investor.js">
      <metrics statements="15" coveredstatements="13" conditionals="0" coveredconditionals="0" methods="12" coveredmethods="10"/>
      <line num="1" count="2" type="stmt"/>
      <line num="2" count="2" type="stmt"/>
      <line num="4" count="0" type="stmt"/>
      <line num="7" count="12" type="stmt"/>
      <line num="10" count="1" type="stmt"/>
      <line num="13" count="2" type="stmt"/>
      <line num="16" count="1" type="stmt"/>
      <line num="19" count="1" type="stmt"/>
      <line num="22" count="1" type="stmt"/>
      <line num="25" count="2" type="stmt"/>
      <line num="28" count="1" type="stmt"/>
      <line num="31" count="1" type="stmt"/>
      <line num="34" count="0" type="stmt"/>
      <line num="37" count="1" type="stmt"/>
      <line num="40" count="2" type="stmt"/>
    </file>
    <file name="lawyer.js" path="C:\Users\modo_\Documents\GitHub\NP-COMPLETE\tests\lawyer.js">
      <metrics statements="17" coveredstatements="15" conditionals="0" coveredconditionals="0" methods="14" coveredmethods="12"/>
      <line num="1" count="2" type="stmt"/>
      <line num="2" count="2" type="stmt"/>
      <line num="4" count="0" type="stmt"/>
      <line num="7" count="12" type="stmt"/>
      <line num="10" count="1" type="stmt"/>
      <line num="13" count="1" type="stmt"/>
      <line num="16" count="1" type="stmt"/>
      <line num="19" count="1" type="stmt"/>
      <line num="22" count="1" type="stmt"/>
      <line num="25" count="1" type="stmt"/>
      <line num="28" count="1" type="stmt"/>
      <line num="31" count="0" type="stmt"/>
      <line num="34" count="2" type="stmt"/>
      <line num="37" count="1" type="stmt"/>
      <line num="40" count="1" type="stmt"/>
      <line num="43" count="1" type="stmt"/>
      <line num="46" count="2" type="stmt"/>
    </file>
    <file name="reviewer.js" path="C:\Users\modo_\Documents\GitHub\NP-COMPLETE\tests\reviewer.js">
      <metrics statements="13" coveredstatements="12" conditionals="0" coveredconditionals="0" methods="10" coveredmethods="9"/>
      <line num="1" count="2" type="stmt"/>
      <line num="2" count="2" type="stmt"/>
      <line num="4" count="0" type="stmt"/>
      <line num="7" count="15" type="stmt"/>
      <line num="10" count="1" type="stmt"/>
      <line num="13" count="1" type="stmt"/>
      <line num="16" count="1" type="stmt"/>
      <line num="19" count="1" type="stmt"/>
      <line num="22" count="1" type="stmt"/>
      <line num="25" count="6" type="stmt"/>
      <line num="28" count="1" type="stmt"/>
      <line num="31" count="1" type="stmt"/>
      <line num="34" count="2" type="stmt"/>
    </file>
    <file name="task.js" path="C:\Users\modo_\Documents\GitHub\NP-COMPLETE\tests\task.js">
      <metrics statements="9" coveredstatements="8" conditionals="0" coveredconditionals="0" methods="6" coveredmethods="5"/>
      <line num="1" count="4" type="stmt"/>
      <line num="2" count="4" type="stmt"/>
      <line num="4" count="0" type="stmt"/>
      <line num="7" count="6" type="stmt"/>
      <line num="10" count="1" type="stmt"/>
      <line num="13" count="1" type="stmt"/>
      <line num="16" count="1" type="stmt"/>
      <line num="19" count="3" type="stmt"/>
      <line num="22" count="4" type="stmt"/>
    </file>
  </project>
</coverage>
