<?xml version="1.0" encoding="UTF-8"?>
<coverage generated="1554052464453" clover="3.2.0">
  <project timestamp="1554052464453" name="All files">
    <metrics statements="96" coveredstatements="85" conditionals="0" coveredconditionals="0" methods="72" coveredmethods="61" elements="168" coveredelements="146" complexity="0" loc="96" ncloc="96" packages="1" files="8" classes="8"/>
    <file name="admin.js" path="/Users/mohamedyasser/Documents/GitHub/NP-COMPLETE/tests/admin.js">
      <metrics statements="16" coveredstatements="13" conditionals="0" coveredconditionals="0" methods="13" coveredmethods="10"/>
      <line num="1" count="9" type="stmt"/>
      <line num="2" count="9" type="stmt"/>
      <line num="4" count="0" type="stmt"/>
      <line num="7" count="0" type="stmt"/>
      <line num="10" count="8" type="stmt"/>
      <line num="13" count="1" type="stmt"/>
      <line num="16" count="1" type="stmt"/>
      <line num="19" count="1" type="stmt"/>
      <line num="22" count="1" type="stmt"/>
      <line num="25" count="1" type="stmt"/>
      <line num="28" count="1" type="stmt"/>
      <line num="31" count="0" type="stmt"/>
      <line num="34" count="1" type="stmt"/>
      <line num="37" count="1" type="stmt"/>
      <line num="40" count="1" type="stmt"/>
      <line num="43" count="9" type="stmt"/>
    </file>
    <file name="company.js" path="/Users/mohamedyasser/Documents/GitHub/NP-COMPLETE/tests/company.js">
      <metrics statements="8" coveredstatements="8" conditionals="0" coveredconditionals="0" methods="5" coveredmethods="5"/>
      <line num="1" count="6" type="stmt"/>
      <line num="2" count="6" type="stmt"/>
      <line num="4" count="3" type="stmt"/>
      <line num="7" count="29" type="stmt"/>
      <line num="10" count="2" type="stmt"/>
      <line num="13" count="1" type="stmt"/>
      <line num="16" count="4" type="stmt"/>
      <line num="19" count="6" type="stmt"/>
    </file>
    <file name="companyType.js" path="/Users/mohamedyasser/Documents/GitHub/NP-COMPLETE/tests/companyType.js">
      <metrics statements="8" coveredstatements="7" conditionals="0" coveredconditionals="0" methods="5" coveredmethods="4"/>
      <line num="1" count="2" type="stmt"/>
      <line num="2" count="2" type="stmt"/>
      <line num="4" count="0" type="stmt"/>
      <line num="7" count="11" type="stmt"/>
      <line num="10" count="1" type="stmt"/>
      <line num="13" count="1" type="stmt"/>
      <line num="16" count="1" type="stmt"/>
      <line num="19" count="2" type="stmt"/>
    </file>
    <file name="externalEntity.js" path="/Users/mohamedyasser/Documents/GitHub/NP-COMPLETE/tests/externalEntity.js">
      <metrics statements="8" coveredstatements="7" conditionals="0" coveredconditionals="0" methods="5" coveredmethods="4"/>
      <line num="1" count="1" type="stmt"/>
      <line num="2" count="1" type="stmt"/>
      <line num="4" count="0" type="stmt"/>
      <line num="7" count="4" type="stmt"/>
      <line num="10" count="1" type="stmt"/>
      <line num="13" count="1" type="stmt"/>
      <line num="16" count="1" type="stmt"/>
      <line num="19" count="1" type="stmt"/>
    </file>
    <file name="investor.js" path="/Users/mohamedyasser/Documents/GitHub/NP-COMPLETE/tests/investor.js">
      <metrics statements="16" coveredstatements="14" conditionals="0" coveredconditionals="0" methods="13" coveredmethods="11"/>
      <line num="1" count="2" type="stmt"/>
      <line num="2" count="2" type="stmt"/>
      <line num="4" count="0" type="stmt"/>
      <line num="7" count="12" type="stmt"/>
      <line num="10" count="1" type="stmt"/>
      <line num="13" count="2" type="stmt"/>
      <line num="16" count="1" type="stmt"/>
      <line num="19" count="1" type="stmt"/>
      <line num="22" count="1" type="stmt"/>
      <line num="25" count="2" type="stmt"/>
      <line num="28" count="1" type="stmt"/>
      <line num="31" count="1" type="stmt"/>
      <line num="34" count="0" type="stmt"/>
      <line num="37" count="1" type="stmt"/>
      <line num="40" count="1" type="stmt"/>
      <line num="43" count="2" type="stmt"/>
    </file>
    <file name="lawyer.js" path="/Users/mohamedyasser/Documents/GitHub/NP-COMPLETE/tests/lawyer.js">
      <metrics statements="17" coveredstatements="15" conditionals="0" coveredconditionals="0" methods="14" coveredmethods="12"/>
      <line num="1" count="2" type="stmt"/>
      <line num="2" count="2" type="stmt"/>
      <line num="4" count="0" type="stmt"/>
      <line num="7" count="12" type="stmt"/>
      <line num="10" count="1" type="stmt"/>
      <line num="13" count="1" type="stmt"/>
      <line num="16" count="1" type="stmt"/>
      <line num="19" count="1" type="stmt"/>
      <line num="22" count="1" type="stmt"/>
      <line num="25" count="1" type="stmt"/>
      <line num="28" count="1" type="stmt"/>
      <line num="31" count="0" type="stmt"/>
      <line num="34" count="2" type="stmt"/>
      <line num="37" count="1" type="stmt"/>
      <line num="40" count="1" type="stmt"/>
      <line num="43" count="1" type="stmt"/>
      <line num="46" count="2" type="stmt"/>
    </file>
    <file name="reviewer.js" path="/Users/mohamedyasser/Documents/GitHub/NP-COMPLETE/tests/reviewer.js">
      <metrics statements="14" coveredstatements="13" conditionals="0" coveredconditionals="0" methods="11" coveredmethods="10"/>
      <line num="1" count="2" type="stmt"/>
      <line num="2" count="2" type="stmt"/>
      <line num="4" count="0" type="stmt"/>
      <line num="7" count="16" type="stmt"/>
      <line num="10" count="1" type="stmt"/>
      <line num="13" count="1" type="stmt"/>
      <line num="16" count="1" type="stmt"/>
      <line num="19" count="1" type="stmt"/>
      <line num="22" count="1" type="stmt"/>
      <line num="25" count="6" type="stmt"/>
      <line num="28" count="1" type="stmt"/>
      <line num="31" count="1" type="stmt"/>
      <line num="34" count="1" type="stmt"/>
      <line num="37" count="2" type="stmt"/>
    </file>
    <file name="task.js" path="/Users/mohamedyasser/Documents/GitHub/NP-COMPLETE/tests/task.js">
      <metrics statements="9" coveredstatements="8" conditionals="0" coveredconditionals="0" methods="6" coveredmethods="5"/>
      <line num="1" count="4" type="stmt"/>
      <line num="2" count="4" type="stmt"/>
      <line num="4" count="0" type="stmt"/>
      <line num="7" count="8" type="stmt"/>
      <line num="10" count="1" type="stmt"/>
      <line num="13" count="1" type="stmt"/>
      <line num="16" count="1" type="stmt"/>
      <line num="19" count="3" type="stmt"/>
      <line num="22" count="4" type="stmt"/>
    </file>
  </project>
</coverage>
