TN:
SF:/Users/mohamedyasser/Documents/GitHub/NP-COMPLETE/tests/admin.js
FN:3,(anonymous_0)
FN:6,(anonymous_1)
FN:9,(anonymous_2)
FN:12,(anonymous_3)
FN:15,(anonymous_4)
FN:18,(anonymous_5)
FN:21,(anonymous_6)
FN:24,(anonymous_7)
FN:27,(anonymous_8)
FN:30,(anonymous_9)
FN:33,(anonymous_10)
FN:36,(anonymous_11)
FN:39,(anonymous_12)
FNF:13
FNH:10
FNDA:0,(anonymous_0)
FNDA:0,(anonymous_1)
FNDA:8,(anonymous_2)
FNDA:1,(anonymous_3)
FNDA:1,(anonymous_4)
FNDA:1,(anonymous_5)
FNDA:1,(anonymous_6)
FNDA:1,(anonymous_7)
FNDA:1,(anonymous_8)
FNDA:0,(anonymous_9)
FNDA:1,(anonymous_10)
FNDA:1,(anonymous_11)
FNDA:1,(anonymous_12)
DA:1,9
DA:2,9
DA:4,0
DA:7,0
DA:10,8
DA:13,1
DA:16,1
DA:19,1
DA:22,1
DA:25,1
DA:28,1
DA:31,0
DA:34,1
DA:37,1
DA:40,1
DA:43,9
LF:16
LH:13
BRF:0
BRH:0
end_of_record
TN:
SF:/Users/mohamedyasser/Documents/GitHub/NP-COMPLETE/tests/company.js
FN:3,(anonymous_0)
FN:6,(anonymous_1)
FN:9,(anonymous_2)
FN:12,(anonymous_3)
FN:15,(anonymous_4)
FNF:5
FNH:5
FNDA:3,(anonymous_0)
FNDA:29,(anonymous_1)
FNDA:2,(anonymous_2)
FNDA:1,(anonymous_3)
FNDA:4,(anonymous_4)
DA:1,6
DA:2,6
DA:4,3
DA:7,29
DA:10,2
DA:13,1
DA:16,4
DA:19,6
LF:8
LH:8
BRF:0
BRH:0
end_of_record
TN:
SF:/Users/mohamedyasser/Documents/GitHub/NP-COMPLETE/tests/companyType.js
FN:3,(anonymous_0)
FN:6,(anonymous_1)
FN:9,(anonymous_2)
FN:12,(anonymous_3)
FN:15,(anonymous_4)
FNF:5
FNH:4
FNDA:0,(anonymous_0)
FNDA:11,(anonymous_1)
FNDA:1,(anonymous_2)
FNDA:1,(anonymous_3)
FNDA:1,(anonymous_4)
DA:1,2
DA:2,2
DA:4,0
DA:7,11
DA:10,1
DA:13,1
DA:16,1
DA:19,2
LF:8
LH:7
BRF:0
BRH:0
end_of_record
TN:
SF:/Users/mohamedyasser/Documents/GitHub/NP-COMPLETE/tests/externalEntity.js
FN:3,(anonymous_0)
FN:6,(anonymous_1)
FN:9,(anonymous_2)
FN:12,(anonymous_3)
FN:15,(anonymous_4)
FNF:5
FNH:4
FNDA:0,(anonymous_0)
FNDA:4,(anonymous_1)
FNDA:1,(anonymous_2)
FNDA:1,(anonymous_3)
FNDA:1,(anonymous_4)
DA:1,1
DA:2,1
DA:4,0
DA:7,4
DA:10,1
DA:13,1
DA:16,1
DA:19,1
LF:8
LH:7
BRF:0
BRH:0
end_of_record
TN:
SF:/Users/mohamedyasser/Documents/GitHub/NP-COMPLETE/tests/investor.js
FN:3,(anonymous_0)
FN:6,(anonymous_1)
FN:9,(anonymous_2)
FN:12,(anonymous_3)
FN:15,(anonymous_4)
FN:18,(anonymous_5)
FN:21,(anonymous_6)
FN:24,(anonymous_7)
FN:27,(anonymous_8)
FN:30,(anonymous_9)
FN:33,(anonymous_10)
FN:36,(anonymous_11)
FN:39,(anonymous_12)
FNF:13
FNH:11
FNDA:0,(anonymous_0)
FNDA:12,(anonymous_1)
FNDA:1,(anonymous_2)
FNDA:2,(anonymous_3)
FNDA:1,(anonymous_4)
FNDA:1,(anonymous_5)
FNDA:1,(anonymous_6)
FNDA:2,(anonymous_7)
FNDA:1,(anonymous_8)
FNDA:1,(anonymous_9)
FNDA:0,(anonymous_10)
FNDA:1,(anonymous_11)
FNDA:1,(anonymous_12)
DA:1,2
DA:2,2
DA:4,0
DA:7,12
DA:10,1
DA:13,2
DA:16,1
DA:19,1
DA:22,1
DA:25,2
DA:28,1
DA:31,1
DA:34,0
DA:37,1
DA:40,1
DA:43,2
LF:16
LH:14
BRF:0
BRH:0
end_of_record
TN:
SF:/Users/mohamedyasser/Documents/GitHub/NP-COMPLETE/tests/lawyer.js
FN:3,(anonymous_0)
FN:6,(anonymous_1)
FN:9,(anonymous_2)
FN:12,(anonymous_3)
FN:15,(anonymous_4)
FN:18,(anonymous_5)
FN:21,(anonymous_6)
FN:24,(anonymous_7)
FN:27,(anonymous_8)
FN:30,(anonymous_9)
FN:33,(anonymous_10)
FN:36,(anonymous_11)
FN:39,(anonymous_12)
FN:42,(anonymous_13)
FNF:14
FNH:12
FNDA:0,(anonymous_0)
FNDA:12,(anonymous_1)
FNDA:1,(anonymous_2)
FNDA:1,(anonymous_3)
FNDA:1,(anonymous_4)
FNDA:1,(anonymous_5)
FNDA:1,(anonymous_6)
FNDA:1,(anonymous_7)
FNDA:1,(anonymous_8)
FNDA:0,(anonymous_9)
FNDA:2,(anonymous_10)
FNDA:1,(anonymous_11)
FNDA:1,(anonymous_12)
FNDA:1,(anonymous_13)
DA:1,2
DA:2,2
DA:4,0
DA:7,12
DA:10,1
DA:13,1
DA:16,1
DA:19,1
DA:22,1
DA:25,1
DA:28,1
DA:31,0
DA:34,2
DA:37,1
DA:40,1
DA:43,1
DA:46,2
LF:17
LH:15
BRF:0
BRH:0
end_of_record
TN:
SF:/Users/mohamedyasser/Documents/GitHub/NP-COMPLETE/tests/reviewer.js
FN:3,(anonymous_0)
FN:6,(anonymous_1)
FN:9,(anonymous_2)
FN:12,(anonymous_3)
FN:15,(anonymous_4)
FN:18,(anonymous_5)
FN:21,(anonymous_6)
FN:24,(anonymous_7)
FN:27,(anonymous_8)
FN:30,(anonymous_9)
FN:33,(anonymous_10)
FNF:11
FNH:10
FNDA:0,(anonymous_0)
FNDA:16,(anonymous_1)
FNDA:1,(anonymous_2)
FNDA:1,(anonymous_3)
FNDA:1,(anonymous_4)
FNDA:1,(anonymous_5)
FNDA:1,(anonymous_6)
FNDA:6,(anonymous_7)
FNDA:1,(anonymous_8)
FNDA:1,(anonymous_9)
FNDA:1,(anonymous_10)
DA:1,2
DA:2,2
DA:4,0
DA:7,16
DA:10,1
DA:13,1
DA:16,1
DA:19,1
DA:22,1
DA:25,6
DA:28,1
DA:31,1
DA:34,1
DA:37,2
LF:14
LH:13
BRF:0
BRH:0
end_of_record
TN:
SF:/Users/mohamedyasser/Documents/GitHub/NP-COMPLETE/tests/task.js
FN:3,(anonymous_0)
FN:6,(anonymous_1)
FN:9,(anonymous_2)
FN:12,(anonymous_3)
FN:15,(anonymous_4)
FN:18,(anonymous_5)
FNF:6
FNH:5
FNDA:0,(anonymous_0)
FNDA:8,(anonymous_1)
FNDA:1,(anonymous_2)
FNDA:1,(anonymous_3)
FNDA:1,(anonymous_4)
FNDA:3,(anonymous_5)
DA:1,4
DA:2,4
DA:4,0
DA:7,8
DA:10,1
DA:13,1
DA:16,1
DA:19,3
DA:22,4
LF:9
LH:8
BRF:0
BRH:0
end_of_record
